# JRE version: Java(TM) SE Runtime Environment (8.0_45-b15) (build 1.8.0_45-b15)
# Java VM: Java HotSpot(TM) 64-Bit Server VM (25.45-b02 mixed mode windows-amd64 compressed oops)
Heap:
 PSYoungGen      total 441856K, used 340112K [0x00000000d5580000, 0x0000000100000000, 0x0000000100000000)
  eden space 231424K, 70% used [0x00000000d5580000,0x00000000df48d498,0x00000000e3780000)
  from space 210432K, 84% used [0x00000000f1b00000,0x00000000fc816ba8,0x00000000fe880000)
  to   space 232960K, 0% used [0x00000000e3780000,0x00000000e3780000,0x00000000f1b00000)
 ParOldGen       total 1211904K, used 794366K [0x0000000080000000, 0x00000000c9f80000, 0x00000000d5580000)
  object space 1211904K, 65% used [0x0000000080000000,0x00000000b07bfbe8,0x00000000c9f80000)
 Metaspace       used 6650K, capacity 7384K, committed 7680K, reserved 1056768K
  class space    used 619K, capacity 656K, committed 768K, reserved 1048576K
GC Heap History (10 events):
Event: 37.813 GC heap before
{Heap before GC invocations=25 (full 5):
 PSYoungGen      total 465920K, used 232960K [0x00000000d5580000, 0x0000000100000000, 0x0000000100000000)
  eden space 232960K, 100% used [0x00000000d5580000,0x00000000e3900000,0x00000000e3900000)
  from space 232960K, 0% used [0x00000000e3900000,0x00000000e3900000,0x00000000f1c80000)
  to   space 232960K, 0% used [0x00000000f1c80000,0x00000000f1c80000,0x0000000100000000)
 ParOldGen       total 1211904K, used 794366K [0x0000000080000000, 0x00000000c9f80000, 0x00000000d5580000)
  object space 1211904K, 65% used [0x0000000080000000,0x00000000b07bfbe8,0x00000000c9f80000)
 Metaspace       used 6572K, capacity 7288K, committed 7552K, reserved 1056768K
  class space    used 614K, capacity 624K, committed 640K, reserved 1048576K
Event: 37.889 GC heap after
Heap after GC invocations=25 (full 5):
 PSYoungGen      total 458752K, used 104899K [0x00000000d5580000, 0x00000000ff900000, 0x0000000100000000)
  eden space 232960K, 0% used [0x00000000d5580000,0x00000000d5580000,0x00000000e3900000)
  from space 225792K, 46% used [0x00000000f1c80000,0x00000000f82f0d50,0x00000000ff900000)
  to   space 229376K, 0% used [0x00000000e3900000,0x00000000e3900000,0x00000000f1900000)
 ParOldGen       total 1211904K, used 794366K [0x0000000080000000, 0x00000000c9f80000, 0x00000000d5580000)
  object space 1211904K, 65% used [0x0000000080000000,0x00000000b07bfbe8,0x00000000c9f80000)
 Metaspace       used 6572K, capacity 7288K, committed 7552K, reserved 1056768K
  class space    used 614K, capacity 624K, committed 640K, reserved 1048576K
}
Event: 38.334 GC heap before
{Heap before GC invocations=26 (full 5):
 PSYoungGen      total 458752K, used 337859K [0x00000000d5580000, 0x00000000ff900000, 0x0000000100000000)
  eden space 232960K, 100% used [0x00000000d5580000,0x00000000e3900000,0x00000000e3900000)
  from space 225792K, 46% used [0x00000000f1c80000,0x00000000f82f0d50,0x00000000ff900000)
  to   space 229376K, 0% used [0x00000000e3900000,0x00000000e3900000,0x00000000f1900000)
 ParOldGen       total 1211904K, used 794366K [0x0000000080000000, 0x00000000c9f80000, 0x00000000d5580000)
  object space 1211904K, 65% used [0x0000000080000000,0x00000000b07bfbe8,0x00000000c9f80000)
 Metaspace       used 6572K, capacity 7288K, committed 7552K, reserved 1056768K
  class space    used 614K, capacity 624K, committed 640K, reserved 1048576K
Event: 38.421 GC heap after
Heap after GC invocations=26 (full 5):
 PSYoungGen      total 462336K, used 65371K [0x00000000d5580000, 0x00000000ff280000, 0x0000000100000000)
  eden space 232960K, 0% used [0x00000000d5580000,0x00000000d5580000,0x00000000e3900000)
  from space 229376K, 28% used [0x00000000e3900000,0x00000000e78d6f78,0x00000000f1900000)
  to   space 220672K, 0% used [0x00000000f1b00000,0x00000000f1b00000,0x00000000ff280000)
 ParOldGen       total 1211904K, used 794366K [0x0000000080000000, 0x00000000c9f80000, 0x00000000d5580000)
  object space 1211904K, 65% used [0x0000000080000000,0x00000000b07bfbe8,0x00000000c9f80000)
 Metaspace       used 6572K, capacity 7288K, committed 7552K, reserved 1056768K
  class space    used 614K, capacity 624K, committed 640K, reserved 1048576K
}
Event: 38.883 GC heap before
{Heap before GC invocations=27 (full 5):
 PSYoungGen      total 462336K, used 298331K [0x00000000d5580000, 0x00000000ff280000, 0x0000000100000000)
  eden space 232960K, 100% used [0x00000000d5580000,0x00000000e3900000,0x00000000e3900000)
  from space 229376K, 28% used [0x00000000e3900000,0x00000000e78d6f78,0x00000000f1900000)
  to   space 220672K, 0% used [0x00000000f1b00000,0x00000000f1b00000,0x00000000ff280000)
 ParOldGen       total 1211904K, used 794366K [0x0000000080000000, 0x00000000c9f80000, 0x00000000d5580000)
  object space 1211904K, 65% used [0x0000000080000000,0x00000000b07bfbe8,0x00000000c9f80000)
 Metaspace       used 6575K, capacity 7288K, committed 7552K, reserved 1056768K
  class space    used 614K, capacity 624K, committed 640K, reserved 1048576K
Event: 39.012 GC heap after
Heap after GC invocations=27 (full 5):
 PSYoungGen      total 459264K, used 105643K [0x00000000d5580000, 0x00000000fe880000, 0x0000000100000000)
  eden space 248832K, 0% used [0x00000000d5580000,0x00000000d5580000,0x00000000e4880000)
  from space 210432K, 50% used [0x00000000f1b00000,0x00000000f822aec0,0x00000000fe880000)
  to   space 212992K, 0% used [0x00000000e4880000,0x00000000e4880000,0x00000000f1880000)
 ParOldGen       total 1211904K, used 794366K [0x0000000080000000, 0x00000000c9f80000, 0x00000000d5580000)
  object space 1211904K, 65% used [0x0000000080000000,0x00000000b07bfbe8,0x00000000c9f80000)
 Metaspace       used 6575K, capacity 7288K, committed 7552K, reserved 1056768K
  class space    used 614K, capacity 624K, committed 640K, reserved 1048576K
}
Event: 39.471 GC heap before
{Heap before GC invocations=28 (full 5):
 PSYoungGen      total 459264K, used 354475K [0x00000000d5580000, 0x00000000fe880000, 0x0000000100000000)
  eden space 248832K, 100% used [0x00000000d5580000,0x00000000e4880000,0x00000000e4880000)
  from space 210432K, 50% used [0x00000000f1b00000,0x00000000f822aec0,0x00000000fe880000)
  to   space 212992K, 0% used [0x00000000e4880000,0x00000000e4880000,0x00000000f1880000)
 ParOldGen       total 1211904K, used 794366K [0x0000000080000000, 0x00000000c9f80000, 0x00000000d5580000)
  object space 1211904K, 65% used [0x0000000080000000,0x00000000b07bfbe8,0x00000000c9f80000)
 Metaspace       used 6576K, capacity 7288K, committed 7552K, reserved 1056768K
  class space    used 614K, capacity 624K, committed 640K, reserved 1048576K
Event: 39.633 GC heap after
Heap after GC invocations=28 (full 5):
 PSYoungGen      total 461824K, used 140240K [0x00000000d5580000, 0x00000000fe880000, 0x0000000100000000)
  eden space 248832K, 0% used [0x00000000d5580000,0x00000000d5580000,0x00000000e4880000)
  from space 212992K, 65% used [0x00000000e4880000,0x00000000ed174078,0x00000000f1880000)
  to   space 210432K, 0% used [0x00000000f1b00000,0x00000000f1b00000,0x00000000fe880000)
 ParOldGen       total 1211904K, used 794366K [0x0000000080000000, 0x00000000c9f80000, 0x00000000d5580000)
  object space 1211904K, 65% used [0x0000000080000000,0x00000000b07bfbe8,0x00000000c9f80000)
 Metaspace       used 6576K, capacity 7288K, committed 7552K, reserved 1056768K
  class space    used 614K, capacity 624K, committed 640K, reserved 1048576K
}
Event: 40.154 GC heap before
{Heap before GC invocations=29 (full 5):
 PSYoungGen      total 461824K, used 389072K [0x00000000d5580000, 0x00000000fe880000, 0x0000000100000000)
  eden space 248832K, 100% used [0x00000000d5580000,0x00000000e4880000,0x00000000e4880000)
  from space 212992K, 65% used [0x00000000e4880000,0x00000000ed174078,0x00000000f1880000)
  to   space 210432K, 0% used [0x00000000f1b00000,0x00000000f1b00000,0x00000000fe880000)
 ParOldGen       total 1211904K, used 794366K [0x0000000080000000, 0x00000000c9f80000, 0x00000000d5580000)
  object space 1211904K, 65% used [0x0000000080000000,0x00000000b07bfbe8,0x00000000c9f80000)
 Metaspace       used 6633K, capacity 7384K, committed 7680K, reserved 1056768K
  class space    used 619K, capacity 656K, committed 768K, reserved 1048576K
Event: 40.435 GC heap after
Heap after GC invocations=29 (full 5):
 PSYoungGen      total 441856K, used 177242K [0x00000000d5580000, 0x0000000100000000, 0x0000000100000000)
  eden space 231424K, 0% used [0x00000000d5580000,0x00000000d5580000,0x00000000e3780000)
  from space 210432K, 84% used [0x00000000f1b00000,0x00000000fc816ba8,0x00000000fe880000)
  to   space 232960K, 0% used [0x00000000e3780000,0x00000000e3780000,0x00000000f1b00000)
 ParOldGen       total 1211904K, used 794366K [0x0000000080000000, 0x00000000c9f80000, 0x00000000d5580000)
  object space 1211904K, 65% used [0x0000000080000000,0x00000000b07bfbe8,0x00000000c9f80000)
 Metaspace       used 6633K, capacity 7384K, committed 7680K, reserved 1056768K
  class space    used 619K, capacity 656K, committed 768K, reserved 1048576K
}

