# JRE version: Java(TM) SE Runtime Environment (8.0_45-b15) (build 1.8.0_45-b15)
# Java VM: Java HotSpot(TM) 64-Bit Server VM (25.45-b02 mixed mode windows-amd64 compressed oops)
Heap:
 PSYoungGen      total 462848K, used 315867K [0x00000000d5580000, 0x00000000fff80000, 0x0000000100000000)
  eden space 247808K, 70% used [0x00000000d5580000,0x00000000e01247d8,0x00000000e4780000)
  from space 215040K, 65% used [0x00000000e4780000,0x00000000ed052548,0x00000000f1980000)
  to   space 219136K, 0% used [0x00000000f2980000,0x00000000f2980000,0x00000000fff80000)
 ParOldGen       total 1203712K, used 789329K [0x0000000080000000, 0x00000000c9780000, 0x00000000d5580000)
  object space 1203712K, 65% used [0x0000000080000000,0x00000000b02d4530,0x00000000c9780000)
 Metaspace       used 6623K, capacity 7320K, committed 7680K, reserved 1056768K
  class space    used 619K, capacity 656K, committed 768K, reserved 1048576K
GC Heap History (10 events):
Event: 34.367 GC heap before
{Heap before GC invocations=24 (full 5):
 PSYoungGen      total 465920K, used 93933K [0x00000000d5580000, 0x0000000100000000, 0x0000000100000000)
  eden space 232960K, 0% used [0x00000000d5580000,0x00000000d5580000,0x00000000e3900000)
  from space 232960K, 40% used [0x00000000e3900000,0x00000000e94bb538,0x00000000f1c80000)
  to   space 232960K, 0% used [0x00000000f1c80000,0x00000000f1c80000,0x0000000100000000)
 ParOldGen       total 855552K, used 854041K [0x0000000080000000, 0x00000000b4380000, 0x00000000d5580000)
  object space 855552K, 99% used [0x0000000080000000,0x00000000b42067a8,0x00000000b4380000)
 Metaspace       used 6592K, capacity 7288K, committed 7552K, reserved 1056768K
  class space    used 616K, capacity 624K, committed 640K, reserved 1048576K
Event: 37.642 GC heap after
Heap after GC invocations=24 (full 5):
 PSYoungGen      total 465920K, used 0K [0x00000000d5580000, 0x0000000100000000, 0x0000000100000000)
  eden space 232960K, 0% used [0x00000000d5580000,0x00000000d5580000,0x00000000e3900000)
  from space 232960K, 0% used [0x00000000e3900000,0x00000000e3900000,0x00000000f1c80000)
  to   space 232960K, 0% used [0x00000000f1c80000,0x00000000f1c80000,0x0000000100000000)
 ParOldGen       total 1203712K, used 789321K [0x0000000080000000, 0x00000000c9780000, 0x00000000d5580000)
  object space 1203712K, 65% used [0x0000000080000000,0x00000000b02d2530,0x00000000c9780000)
 Metaspace       used 6592K, capacity 7288K, committed 7552K, reserved 1056768K
  class space    used 616K, capacity 624K, committed 640K, reserved 1048576K
}
Event: 38.267 GC heap before
{Heap before GC invocations=25 (full 5):
 PSYoungGen      total 465920K, used 232960K [0x00000000d5580000, 0x0000000100000000, 0x0000000100000000)
  eden space 232960K, 100% used [0x00000000d5580000,0x00000000e3900000,0x00000000e3900000)
  from space 232960K, 0% used [0x00000000e3900000,0x00000000e3900000,0x00000000f1c80000)
  to   space 232960K, 0% used [0x00000000f1c80000,0x00000000f1c80000,0x0000000100000000)
 ParOldGen       total 1203712K, used 789321K [0x0000000080000000, 0x00000000c9780000, 0x00000000d5580000)
  object space 1203712K, 65% used [0x0000000080000000,0x00000000b02d2530,0x00000000c9780000)
 Metaspace       used 6592K, capacity 7288K, committed 7552K, reserved 1056768K
  class space    used 616K, capacity 624K, committed 640K, reserved 1048576K
Event: 38.347 GC heap after
Heap after GC invocations=25 (full 5):
 PSYoungGen      total 461824K, used 100834K [0x00000000d5580000, 0x00000000ffc00000, 0x0000000100000000)
  eden space 232960K, 0% used [0x00000000d5580000,0x00000000d5580000,0x00000000e3900000)
  from space 228864K, 44% used [0x00000000f1c80000,0x00000000f7ef8b48,0x00000000ffc00000)
  to   space 230912K, 0% used [0x00000000e3900000,0x00000000e3900000,0x00000000f1a80000)
 ParOldGen       total 1203712K, used 789321K [0x0000000080000000, 0x00000000c9780000, 0x00000000d5580000)
  object space 1203712K, 65% used [0x0000000080000000,0x00000000b02d2530,0x00000000c9780000)
 Metaspace       used 6592K, capacity 7288K, committed 7552K, reserved 1056768K
  class space    used 616K, capacity 624K, committed 640K, reserved 1048576K
}
Event: 38.828 GC heap before
{Heap before GC invocations=26 (full 5):
 PSYoungGen      total 461824K, used 333794K [0x00000000d5580000, 0x00000000ffc00000, 0x0000000100000000)
  eden space 232960K, 100% used [0x00000000d5580000,0x00000000e3900000,0x00000000e3900000)
  from space 228864K, 44% used [0x00000000f1c80000,0x00000000f7ef8b48,0x00000000ffc00000)
  to   space 230912K, 0% used [0x00000000e3900000,0x00000000e3900000,0x00000000f1a80000)
 ParOldGen       total 1203712K, used 789321K [0x0000000080000000, 0x00000000c9780000, 0x00000000d5580000)
  object space 1203712K, 65% used [0x0000000080000000,0x00000000b02d2530,0x00000000c9780000)
 Metaspace       used 6592K, capacity 7288K, committed 7552K, reserved 1056768K
  class space    used 616K, capacity 624K, committed 640K, reserved 1048576K
Event: 38.927 GC heap after
Heap after GC invocations=26 (full 5):
 PSYoungGen      total 298496K, used 65148K [0x00000000d5580000, 0x00000000ff400000, 0x0000000100000000)
  eden space 232960K, 0% used [0x00000000d5580000,0x00000000d5580000,0x00000000e3900000)
  from space 65536K, 99% used [0x00000000e3900000,0x00000000e789f200,0x00000000e7900000)
  to   space 223744K, 0% used [0x00000000f1980000,0x00000000f1980000,0x00000000ff400000)
 ParOldGen       total 1203712K, used 789321K [0x0000000080000000, 0x00000000c9780000, 0x00000000d5580000)
  object space 1203712K, 65% used [0x0000000080000000,0x00000000b02d2530,0x00000000c9780000)
 Metaspace       used 6592K, capacity 7288K, committed 7552K, reserved 1056768K
  class space    used 616K, capacity 624K, committed 640K, reserved 1048576K
}
Event: 39.624 GC heap before
{Heap before GC invocations=27 (full 5):
 PSYoungGen      total 298496K, used 298108K [0x00000000d5580000, 0x00000000ff400000, 0x0000000100000000)
  eden space 232960K, 100% used [0x00000000d5580000,0x00000000e3900000,0x00000000e3900000)
  from space 65536K, 99% used [0x00000000e3900000,0x00000000e789f200,0x00000000e7900000)
  to   space 223744K, 0% used [0x00000000f1980000,0x00000000f1980000,0x00000000ff400000)
 ParOldGen       total 1203712K, used 789321K [0x0000000080000000, 0x00000000c9780000, 0x00000000d5580000)
  object space 1203712K, 65% used [0x0000000080000000,0x00000000b02d2530,0x00000000c9780000)
 Metaspace       used 6595K, capacity 7288K, committed 7552K, reserved 1056768K
  class space    used 616K, capacity 624K, committed 640K, reserved 1048576K
Event: 39.846 GC heap after
Heap after GC invocations=27 (full 5):
 PSYoungGen      total 471552K, used 106198K [0x00000000d5580000, 0x0000000100000000, 0x0000000100000000)
  eden space 247808K, 0% used [0x00000000d5580000,0x00000000d5580000,0x00000000e4780000)
  from space 223744K, 47% used [0x00000000f1980000,0x00000000f81358d0,0x00000000ff400000)
  to   space 215040K, 0% used [0x00000000e4780000,0x00000000e4780000,0x00000000f1980000)
 ParOldGen       total 1203712K, used 789321K [0x0000000080000000, 0x00000000c9780000, 0x00000000d5580000)
  object space 1203712K, 65% used [0x0000000080000000,0x00000000b02d2530,0x00000000c9780000)
 Metaspace       used 6595K, capacity 7288K, committed 7552K, reserved 1056768K
  class space    used 616K, capacity 624K, committed 640K, reserved 1048576K
}
Event: 40.487 GC heap before
{Heap before GC invocations=28 (full 5):
 PSYoungGen      total 471552K, used 354006K [0x00000000d5580000, 0x0000000100000000, 0x0000000100000000)
  eden space 247808K, 100% used [0x00000000d5580000,0x00000000e4780000,0x00000000e4780000)
  from space 223744K, 47% used [0x00000000f1980000,0x00000000f81358d0,0x00000000ff400000)
  to   space 215040K, 0% used [0x00000000e4780000,0x00000000e4780000,0x00000000f1980000)
 ParOldGen       total 1203712K, used 789321K [0x0000000080000000, 0x00000000c9780000, 0x00000000d5580000)
  object space 1203712K, 65% used [0x0000000080000000,0x00000000b02d2530,0x00000000c9780000)
 Metaspace       used 6595K, capacity 7288K, committed 7552K, reserved 1056768K
  class space    used 616K, capacity 624K, committed 640K, reserved 1048576K
Event: 40.662 GC heap after
Heap after GC invocations=28 (full 5):
 PSYoungGen      total 462848K, used 140105K [0x00000000d5580000, 0x00000000fff80000, 0x0000000100000000)
  eden space 247808K, 0% used [0x00000000d5580000,0x00000000d5580000,0x00000000e4780000)
  from space 215040K, 65% used [0x00000000e4780000,0x00000000ed052548,0x00000000f1980000)
  to   space 219136K, 0% used [0x00000000f2980000,0x00000000f2980000,0x00000000fff80000)
 ParOldGen       total 1203712K, used 789329K [0x0000000080000000, 0x00000000c9780000, 0x00000000d5580000)
  object space 1203712K, 65% used [0x0000000080000000,0x00000000b02d4530,0x00000000c9780000)
 Metaspace       used 6595K, capacity 7288K, committed 7552K, reserved 1056768K
  class space    used 616K, capacity 624K, committed 640K, reserved 1048576K
}

