# JRE version: Java(TM) SE Runtime Environment (8.0_45-b15) (build 1.8.0_45-b15)
# Java VM: Java HotSpot(TM) 64-Bit Server VM (25.45-b02 mixed mode windows-amd64 compressed oops)
Heap:
 PSYoungGen      total 386048K, used 153405K [0x00000000d5580000, 0x00000000f8300000, 0x0000000100000000)
  eden space 292352K, 20% used [0x00000000d5580000,0x00000000d8fd5020,0x00000000e7300000)
  from space 93696K, 99% used [0x00000000e7300000,0x00000000ece7a4c0,0x00000000ece80000)
  to   space 114688K, 0% used [0x00000000f1300000,0x00000000f1300000,0x00000000f8300000)
 ParOldGen       total 242176K, used 180378K [0x0000000080000000, 0x000000008ec80000, 0x00000000d5580000)
  object space 242176K, 74% used [0x0000000080000000,0x000000008b026a70,0x000000008ec80000)
 Metaspace       used 6575K, capacity 7320K, committed 7680K, reserved 1056768K
  class space    used 618K, capacity 656K, committed 768K, reserved 1048576K
GC Heap History (10 events):
Event: 7.439 GC heap before
{Heap before GC invocations=9 (full 1):
 PSYoungGen      total 283136K, used 23544K [0x00000000d5580000, 0x00000000e9480000, 0x0000000100000000)
  eden space 259584K, 0% used [0x00000000d5580000,0x00000000d5580000,0x00000000e5300000)
  from space 23552K, 99% used [0x00000000e7080000,0x00000000e877e210,0x00000000e8780000)
  to   space 30208K, 0% used [0x00000000e5300000,0x00000000e5300000,0x00000000e7080000)
 ParOldGen       total 105984K, used 105561K [0x0000000080000000, 0x0000000086780000, 0x00000000d5580000)
  object space 105984K, 99% used [0x0000000080000000,0x0000000086716750,0x0000000086780000)
 Metaspace       used 6509K, capacity 7288K, committed 7552K, reserved 1056768K
  class space    used 612K, capacity 624K, committed 640K, reserved 1048576K
Event: 8.761 GC heap after
Heap after GC invocations=9 (full 1):
 PSYoungGen      total 283136K, used 17803K [0x00000000d5580000, 0x00000000e9480000, 0x0000000100000000)
  eden space 259584K, 0% used [0x00000000d5580000,0x00000000d5580000,0x00000000e5300000)
  from space 23552K, 75% used [0x00000000e7080000,0x00000000e81e2ee0,0x00000000e8780000)
  to   space 30208K, 0% used [0x00000000e5300000,0x00000000e5300000,0x00000000e7080000)
 ParOldGen       total 105984K, used 105635K [0x0000000080000000, 0x0000000086780000, 0x00000000d5580000)
  object space 105984K, 99% used [0x0000000080000000,0x0000000086728f48,0x0000000086780000)
 Metaspace       used 6509K, capacity 7288K, committed 7552K, reserved 1056768K
  class space    used 612K, capacity 624K, committed 640K, reserved 1048576K
}
Event: 10.630 GC heap before
{Heap before GC invocations=10 (full 2):
 PSYoungGen      total 283136K, used 277387K [0x00000000d5580000, 0x00000000e9480000, 0x0000000100000000)
  eden space 259584K, 100% used [0x00000000d5580000,0x00000000e5300000,0x00000000e5300000)
  from space 23552K, 75% used [0x00000000e7080000,0x00000000e81e2ee0,0x00000000e8780000)
  to   space 30208K, 0% used [0x00000000e5300000,0x00000000e5300000,0x00000000e7080000)
 ParOldGen       total 105984K, used 105635K [0x0000000080000000, 0x0000000086780000, 0x00000000d5580000)
  object space 105984K, 99% used [0x0000000080000000,0x0000000086728f48,0x0000000086780000)
 Metaspace       used 6527K, capacity 7288K, committed 7552K, reserved 1056768K
  class space    used 612K, capacity 624K, committed 640K, reserved 1048576K
Event: 11.651 GC heap after
Heap after GC invocations=10 (full 2):
 PSYoungGen      total 283136K, used 55190K [0x00000000d5580000, 0x00000000e9480000, 0x0000000100000000)
  eden space 259584K, 21% used [0x00000000d5580000,0x00000000d8b65838,0x00000000e5300000)
  from space 23552K, 0% used [0x00000000e7080000,0x00000000e7080000,0x00000000e8780000)
  to   space 30208K, 0% used [0x00000000e5300000,0x00000000e5300000,0x00000000e7080000)
 ParOldGen       total 242176K, used 105974K [0x0000000080000000, 0x000000008ec80000, 0x00000000d5580000)
  object space 242176K, 43% used [0x0000000080000000,0x000000008677d988,0x000000008ec80000)
 Metaspace       used 6527K, capacity 7288K, committed 7552K, reserved 1056768K
  class space    used 612K, capacity 624K, committed 640K, reserved 1048576K
}
Event: 12.805 GC heap before
{Heap before GC invocations=11 (full 2):
 PSYoungGen      total 283136K, used 259584K [0x00000000d5580000, 0x00000000e9480000, 0x0000000100000000)
  eden space 259584K, 100% used [0x00000000d5580000,0x00000000e5300000,0x00000000e5300000)
  from space 23552K, 0% used [0x00000000e7080000,0x00000000e7080000,0x00000000e8780000)
  to   space 30208K, 0% used [0x00000000e5300000,0x00000000e5300000,0x00000000e7080000)
 ParOldGen       total 242176K, used 105974K [0x0000000080000000, 0x000000008ec80000, 0x00000000d5580000)
  object space 242176K, 43% used [0x0000000080000000,0x000000008677d988,0x000000008ec80000)
 Metaspace       used 6529K, capacity 7288K, committed 7552K, reserved 1056768K
  class space    used 612K, capacity 624K, committed 640K, reserved 1048576K
Event: 13.037 GC heap after
Heap after GC invocations=11 (full 2):
 PSYoungGen      total 289792K, used 30202K [0x00000000d5580000, 0x00000000f2500000, 0x0000000100000000)
  eden space 259584K, 0% used [0x00000000d5580000,0x00000000d5580000,0x00000000e5300000)
  from space 30208K, 99% used [0x00000000e5300000,0x00000000e707ea28,0x00000000e7080000)
  to   space 88576K, 0% used [0x00000000ece80000,0x00000000ece80000,0x00000000f2500000)
 ParOldGen       total 242176K, used 159095K [0x0000000080000000, 0x000000008ec80000, 0x00000000d5580000)
  object space 242176K, 65% used [0x0000000080000000,0x0000000089b5dc88,0x000000008ec80000)
 Metaspace       used 6529K, capacity 7288K, committed 7552K, reserved 1056768K
  class space    used 612K, capacity 624K, committed 640K, reserved 1048576K
}
Event: 14.988 GC heap before
{Heap before GC invocations=12 (full 2):
 PSYoungGen      total 289792K, used 289786K [0x00000000d5580000, 0x00000000f2500000, 0x0000000100000000)
  eden space 259584K, 100% used [0x00000000d5580000,0x00000000e5300000,0x00000000e5300000)
  from space 30208K, 99% used [0x00000000e5300000,0x00000000e707ea28,0x00000000e7080000)
  to   space 88576K, 0% used [0x00000000ece80000,0x00000000ece80000,0x00000000f2500000)
 ParOldGen       total 242176K, used 159095K [0x0000000080000000, 0x000000008ec80000, 0x00000000d5580000)
  object space 242176K, 65% used [0x0000000080000000,0x0000000089b5dc88,0x000000008ec80000)
 Metaspace       used 6533K, capacity 7288K, committed 7552K, reserved 1056768K
  class space    used 613K, capacity 624K, committed 640K, reserved 1048576K
Event: 15.179 GC heap after
Heap after GC invocations=12 (full 2):
 PSYoungGen      total 380928K, used 61012K [0x00000000d5580000, 0x00000000f3000000, 0x0000000100000000)
  eden space 292352K, 0% used [0x00000000d5580000,0x00000000d5580000,0x00000000e7300000)
  from space 88576K, 68% used [0x00000000ece80000,0x00000000f0a15280,0x00000000f2500000)
  to   space 93696K, 0% used [0x00000000e7300000,0x00000000e7300000,0x00000000ece80000)
 ParOldGen       total 242176K, used 167067K [0x0000000080000000, 0x000000008ec80000, 0x00000000d5580000)
  object space 242176K, 68% used [0x0000000080000000,0x000000008a326e50,0x000000008ec80000)
 Metaspace       used 6533K, capacity 7288K, committed 7552K, reserved 1056768K
  class space    used 613K, capacity 624K, committed 640K, reserved 1048576K
}
Event: 16.423 GC heap before
{Heap before GC invocations=13 (full 2):
 PSYoungGen      total 380928K, used 353364K [0x00000000d5580000, 0x00000000f3000000, 0x0000000100000000)
  eden space 292352K, 100% used [0x00000000d5580000,0x00000000e7300000,0x00000000e7300000)
  from space 88576K, 68% used [0x00000000ece80000,0x00000000f0a15280,0x00000000f2500000)
  to   space 93696K, 0% used [0x00000000e7300000,0x00000000e7300000,0x00000000ece80000)
 ParOldGen       total 242176K, used 167067K [0x0000000080000000, 0x000000008ec80000, 0x00000000d5580000)
  object space 242176K, 68% used [0x0000000080000000,0x000000008a326e50,0x000000008ec80000)
 Metaspace       used 6541K, capacity 7288K, committed 7552K, reserved 1056768K
  class space    used 613K, capacity 624K, committed 640K, reserved 1048576K
Event: 16.627 GC heap after
Heap after GC invocations=13 (full 2):
 PSYoungGen      total 386048K, used 93673K [0x00000000d5580000, 0x00000000f8300000, 0x0000000100000000)
  eden space 292352K, 0% used [0x00000000d5580000,0x00000000d5580000,0x00000000e7300000)
  from space 93696K, 99% used [0x00000000e7300000,0x00000000ece7a4c0,0x00000000ece80000)
  to   space 114688K, 0% used [0x00000000f1300000,0x00000000f1300000,0x00000000f8300000)
 ParOldGen       total 242176K, used 180378K [0x0000000080000000, 0x000000008ec80000, 0x00000000d5580000)
  object space 242176K, 74% used [0x0000000080000000,0x000000008b026a70,0x000000008ec80000)
 Metaspace       used 6541K, capacity 7288K, committed 7552K, reserved 1056768K
  class space    used 613K, capacity 624K, committed 640K, reserved 1048576K
}

